\BOOKMARK [0][]{chapter.1}{\376\377\0001\000\040\000I\000n\000t\000r\000o\000d\000u\000c\000t\000i\000o\000n}{}% 1
\BOOKMARK [1][]{section.1.1}{\376\377\0001\000.\0001\000\040\000B\000a\000c\000k\000g\000r\000o\000u\000n\000d\000\040\000a\000n\000d\000\040\000M\000o\000t\000i\000v\000a\000t\000i\000o\000n}{chapter.1}% 2
\BOOKMARK [1][]{section.1.2}{\376\377\0001\000.\0002\000\040\000P\000r\000o\000b\000l\000e\000m\000\040\000S\000t\000a\000t\000e\000m\000e\000n\000t}{chapter.1}% 3
\BOOKMARK [1][]{section.1.3}{\376\377\0001\000.\0003\000\040\000R\000e\000s\000e\000a\000r\000c\000h\000\040\000O\000b\000j\000e\000c\000t\000i\000v\000e\000s}{chapter.1}% 4
\BOOKMARK [1][]{section.1.4}{\376\377\0001\000.\0004\000\040\000R\000e\000s\000e\000a\000r\000c\000h\000\040\000C\000o\000n\000t\000r\000i\000b\000u\000t\000i\000o\000n\000s}{chapter.1}% 5
\BOOKMARK [1][]{section.1.5}{\376\377\0001\000.\0005\000\040\000T\000h\000e\000s\000i\000s\000\040\000O\000r\000g\000a\000n\000i\000z\000a\000t\000i\000o\000n}{chapter.1}% 6
\BOOKMARK [1][]{section.1.6}{\376\377\0001\000.\0006\000\040\000S\000c\000o\000p\000e\000\040\000a\000n\000d\000\040\000L\000i\000m\000i\000t\000a\000t\000i\000o\000n\000s}{chapter.1}% 7
\BOOKMARK [0][]{chapter.2}{\376\377\0002\000\040\000L\000i\000t\000e\000r\000a\000t\000u\000r\000e\000\040\000R\000e\000v\000i\000e\000w}{}% 8
\BOOKMARK [1][]{section.2.1}{\376\377\0002\000.\0001\000\040\000I\000n\000t\000r\000o\000d\000u\000c\000t\000i\000o\000n}{chapter.2}% 9
\BOOKMARK [1][]{section.2.2}{\376\377\0002\000.\0002\000\040\000T\000r\000a\000d\000i\000t\000i\000o\000n\000a\000l\000\040\000V\000i\000b\000r\000a\000t\000i\000o\000n\000\040\000A\000n\000a\000l\000y\000s\000i\000s\000\040\000M\000e\000t\000h\000o\000d\000s}{chapter.2}% 10
\BOOKMARK [2][]{subsection.2.2.1}{\376\377\0002\000.\0002\000.\0001\000\040\000T\000i\000m\000e\000-\000D\000o\000m\000a\000i\000n\000\040\000A\000n\000a\000l\000y\000s\000i\000s}{section.2.2}% 11
\BOOKMARK [2][]{subsection.2.2.2}{\376\377\0002\000.\0002\000.\0002\000\040\000F\000r\000e\000q\000u\000e\000n\000c\000y\000-\000D\000o\000m\000a\000i\000n\000\040\000A\000n\000a\000l\000y\000s\000i\000s}{section.2.2}% 12
\BOOKMARK [1][]{section.2.3}{\376\377\0002\000.\0003\000\040\000H\000i\000g\000h\000e\000r\000-\000O\000r\000d\000e\000r\000\040\000S\000p\000e\000c\000t\000r\000a\000l\000\040\000A\000n\000a\000l\000y\000s\000i\000s}{chapter.2}% 13
\BOOKMARK [2][]{subsection.2.3.1}{\376\377\0002\000.\0003\000.\0001\000\040\000T\000h\000e\000o\000r\000e\000t\000i\000c\000a\000l\000\040\000F\000o\000u\000n\000d\000a\000t\000i\000o\000n\000s}{section.2.3}% 14
\BOOKMARK [2][]{subsection.2.3.2}{\376\377\0002\000.\0003\000.\0002\000\040\000P\000r\000o\000p\000e\000r\000t\000i\000e\000s\000\040\000o\000f\000\040\000H\000i\000g\000h\000e\000r\000-\000O\000r\000d\000e\000r\000\040\000S\000p\000e\000c\000t\000r\000a}{section.2.3}% 15
\BOOKMARK [1][]{section.2.4}{\376\377\0002\000.\0004\000\040\000A\000p\000p\000l\000i\000c\000a\000t\000i\000o\000n\000s\000\040\000i\000n\000\040\000F\000a\000u\000l\000t\000\040\000D\000e\000t\000e\000c\000t\000i\000o\000n}{chapter.2}% 16
\BOOKMARK [2][]{subsection.2.4.1}{\376\377\0002\000.\0004\000.\0001\000\040\000B\000e\000a\000r\000i\000n\000g\000\040\000F\000a\000u\000l\000t\000\040\000D\000e\000t\000e\000c\000t\000i\000o\000n}{section.2.4}% 17
\BOOKMARK [2][]{subsection.2.4.2}{\376\377\0002\000.\0004\000.\0002\000\040\000G\000e\000a\000r\000\040\000F\000a\000u\000l\000t\000\040\000D\000e\000t\000e\000c\000t\000i\000o\000n}{section.2.4}% 18
\BOOKMARK [2][]{subsection.2.4.3}{\376\377\0002\000.\0004\000.\0003\000\040\000R\000o\000t\000o\000r\000\040\000F\000a\000u\000l\000t\000\040\000D\000e\000t\000e\000c\000t\000i\000o\000n}{section.2.4}% 19
\BOOKMARK [1][]{section.2.5}{\376\377\0002\000.\0005\000\040\000M\000a\000c\000h\000i\000n\000e\000\040\000L\000e\000a\000r\000n\000i\000n\000g\000\040\000i\000n\000\040\000F\000a\000u\000l\000t\000\040\000D\000e\000t\000e\000c\000t\000i\000o\000n}{chapter.2}% 20
\BOOKMARK [2][]{subsection.2.5.1}{\376\377\0002\000.\0005\000.\0001\000\040\000F\000e\000a\000t\000u\000r\000e\000\040\000E\000x\000t\000r\000a\000c\000t\000i\000o\000n}{section.2.5}% 21
\BOOKMARK [2][]{subsection.2.5.2}{\376\377\0002\000.\0005\000.\0002\000\040\000C\000l\000a\000s\000s\000i\000f\000i\000c\000a\000t\000i\000o\000n\000\040\000A\000l\000g\000o\000r\000i\000t\000h\000m\000s}{section.2.5}% 22
\BOOKMARK [1][]{section.2.6}{\376\377\0002\000.\0006\000\040\000R\000o\000t\000o\000r\000d\000y\000n\000a\000m\000i\000c\000s\000\040\000A\000p\000p\000l\000i\000c\000a\000t\000i\000o\000n\000s}{chapter.2}% 23
\BOOKMARK [2][]{subsection.2.6.1}{\376\377\0002\000.\0006\000.\0001\000\040\000R\000o\000t\000o\000r\000\040\000D\000y\000n\000a\000m\000i\000c\000s\000\040\000F\000u\000n\000d\000a\000m\000e\000n\000t\000a\000l\000s}{section.2.6}% 24
\BOOKMARK [2][]{subsection.2.6.2}{\376\377\0002\000.\0006\000.\0002\000\040\000F\000a\000u\000l\000t\000\040\000T\000y\000p\000e\000s\000\040\000i\000n\000\040\000R\000o\000t\000a\000t\000i\000n\000g\000\040\000M\000a\000c\000h\000i\000n\000e\000r\000y}{section.2.6}% 25
\BOOKMARK [2][]{subsection.2.6.3}{\376\377\0002\000.\0006\000.\0003\000\040\000T\000r\000a\000d\000i\000t\000i\000o\000n\000a\000l\000\040\000D\000e\000t\000e\000c\000t\000i\000o\000n\000\040\000M\000e\000t\000h\000o\000d\000s}{section.2.6}% 26
\BOOKMARK [1][]{section.2.7}{\376\377\0002\000.\0007\000\040\000R\000e\000s\000e\000a\000r\000c\000h\000\040\000G\000a\000p\000s\000\040\000a\000n\000d\000\040\000O\000p\000p\000o\000r\000t\000u\000n\000i\000t\000i\000e\000s}{chapter.2}% 27
\BOOKMARK [1][]{section.2.8}{\376\377\0002\000.\0008\000\040\000S\000u\000m\000m\000a\000r\000y}{chapter.2}% 28
\BOOKMARK [0][]{chapter.3}{\376\377\0003\000\040\000T\000h\000e\000o\000r\000e\000t\000i\000c\000a\000l\000\040\000B\000a\000c\000k\000g\000r\000o\000u\000n\000d}{}% 29
\BOOKMARK [1][]{section.3.1}{\376\377\0003\000.\0001\000\040\000I\000n\000t\000r\000o\000d\000u\000c\000t\000i\000o\000n}{chapter.3}% 30
\BOOKMARK [1][]{section.3.2}{\376\377\0003\000.\0002\000\040\000S\000i\000g\000n\000a\000l\000\040\000P\000r\000o\000c\000e\000s\000s\000i\000n\000g\000\040\000F\000u\000n\000d\000a\000m\000e\000n\000t\000a\000l\000s}{chapter.3}% 31
\BOOKMARK [2][]{subsection.3.2.1}{\376\377\0003\000.\0002\000.\0001\000\040\000C\000o\000n\000t\000i\000n\000u\000o\000u\000s\000-\000T\000i\000m\000e\000\040\000S\000i\000g\000n\000a\000l\000s}{section.3.2}% 32
\BOOKMARK [2][]{subsection.3.2.2}{\376\377\0003\000.\0002\000.\0002\000\040\000D\000i\000s\000c\000r\000e\000t\000e\000-\000T\000i\000m\000e\000\040\000S\000i\000g\000n\000a\000l\000s}{section.3.2}% 33
\BOOKMARK [1][]{section.3.3}{\376\377\0003\000.\0003\000\040\000H\000i\000g\000h\000e\000r\000-\000O\000r\000d\000e\000r\000\040\000S\000t\000a\000t\000i\000s\000t\000i\000c\000s}{chapter.3}% 34
\BOOKMARK [2][]{subsection.3.3.1}{\376\377\0003\000.\0003\000.\0001\000\040\000M\000o\000m\000e\000n\000t\000s\000\040\000a\000n\000d\000\040\000C\000u\000m\000u\000l\000a\000n\000t\000s}{section.3.3}% 35
\BOOKMARK [2][]{subsection.3.3.2}{\376\377\0003\000.\0003\000.\0002\000\040\000P\000r\000o\000p\000e\000r\000t\000i\000e\000s\000\040\000o\000f\000\040\000C\000u\000m\000u\000l\000a\000n\000t\000s}{section.3.3}% 36
\BOOKMARK [1][]{section.3.4}{\376\377\0003\000.\0004\000\040\000H\000i\000g\000h\000e\000r\000-\000O\000r\000d\000e\000r\000\040\000S\000p\000e\000c\000t\000r\000a\000l\000\040\000A\000n\000a\000l\000y\000s\000i\000s}{chapter.3}% 37
\BOOKMARK [2][]{subsection.3.4.1}{\376\377\0003\000.\0004\000.\0001\000\040\000B\000i\000s\000p\000e\000c\000t\000r\000u\000m}{section.3.4}% 38
\BOOKMARK [2][]{subsection.3.4.2}{\376\377\0003\000.\0004\000.\0002\000\040\000T\000r\000i\000s\000p\000e\000c\000t\000r\000u\000m}{section.3.4}% 39
\BOOKMARK [2][]{subsection.3.4.3}{\376\377\0003\000.\0004\000.\0003\000\040\000E\000s\000t\000i\000m\000a\000t\000i\000o\000n\000\040\000o\000f\000\040\000H\000i\000g\000h\000e\000r\000-\000O\000r\000d\000e\000r\000\040\000S\000p\000e\000c\000t\000r\000a}{section.3.4}% 40
\BOOKMARK [1][]{section.3.5}{\376\377\0003\000.\0005\000\040\000R\000o\000t\000o\000r\000d\000y\000n\000a\000m\000i\000c\000s\000\040\000T\000h\000e\000o\000r\000y}{chapter.3}% 41
\BOOKMARK [2][]{subsection.3.5.1}{\376\377\0003\000.\0005\000.\0001\000\040\000R\000o\000t\000o\000r\000\040\000D\000y\000n\000a\000m\000i\000c\000s\000\040\000E\000q\000u\000a\000t\000i\000o\000n\000s}{section.3.5}% 42
\BOOKMARK [2][]{subsection.3.5.2}{\376\377\0003\000.\0005\000.\0002\000\040\000U\000n\000b\000a\000l\000a\000n\000c\000e\000\040\000R\000e\000s\000p\000o\000n\000s\000e}{section.3.5}% 43
\BOOKMARK [2][]{subsection.3.5.3}{\376\377\0003\000.\0005\000.\0003\000\040\000C\000r\000i\000t\000i\000c\000a\000l\000\040\000S\000p\000e\000e\000d\000s}{section.3.5}% 44
\BOOKMARK [1][]{section.3.6}{\376\377\0003\000.\0006\000\040\000F\000a\000u\000l\000t\000\040\000S\000i\000g\000n\000a\000t\000u\000r\000e\000s\000\040\000i\000n\000\040\000V\000i\000b\000r\000a\000t\000i\000o\000n\000\040\000S\000i\000g\000n\000a\000l\000s}{chapter.3}% 45
\BOOKMARK [2][]{subsection.3.6.1}{\376\377\0003\000.\0006\000.\0001\000\040\000R\000o\000t\000o\000r\000\040\000U\000n\000b\000a\000l\000a\000n\000c\000e}{section.3.6}% 46
\BOOKMARK [2][]{subsection.3.6.2}{\376\377\0003\000.\0006\000.\0002\000\040\000B\000e\000a\000r\000i\000n\000g\000\040\000D\000e\000f\000e\000c\000t\000s}{section.3.6}% 47
\BOOKMARK [2][]{subsection.3.6.3}{\376\377\0003\000.\0006\000.\0003\000\040\000M\000i\000s\000a\000l\000i\000g\000n\000m\000e\000n\000t}{section.3.6}% 48
\BOOKMARK [1][]{section.3.7}{\376\377\0003\000.\0007\000\040\000F\000e\000a\000t\000u\000r\000e\000\040\000E\000x\000t\000r\000a\000c\000t\000i\000o\000n\000\040\000f\000r\000o\000m\000\040\000H\000O\000S}{chapter.3}% 49
\BOOKMARK [2][]{subsection.3.7.1}{\376\377\0003\000.\0007\000.\0001\000\040\000B\000i\000s\000p\000e\000c\000t\000r\000u\000m\000\040\000F\000e\000a\000t\000u\000r\000e\000s}{section.3.7}% 50
\BOOKMARK [2][]{subsection.3.7.2}{\376\377\0003\000.\0007\000.\0002\000\040\000T\000r\000i\000s\000p\000e\000c\000t\000r\000u\000m\000\040\000F\000e\000a\000t\000u\000r\000e\000s}{section.3.7}% 51
\BOOKMARK [1][]{section.3.8}{\376\377\0003\000.\0008\000\040\000C\000o\000m\000p\000u\000t\000a\000t\000i\000o\000n\000a\000l\000\040\000C\000o\000n\000s\000i\000d\000e\000r\000a\000t\000i\000o\000n\000s}{chapter.3}% 52
\BOOKMARK [2][]{subsection.3.8.1}{\376\377\0003\000.\0008\000.\0001\000\040\000C\000o\000m\000p\000u\000t\000a\000t\000i\000o\000n\000a\000l\000\040\000C\000o\000m\000p\000l\000e\000x\000i\000t\000y}{section.3.8}% 53
\BOOKMARK [2][]{subsection.3.8.2}{\376\377\0003\000.\0008\000.\0002\000\040\000E\000f\000f\000i\000c\000i\000e\000n\000t\000\040\000A\000l\000g\000o\000r\000i\000t\000h\000m\000s}{section.3.8}% 54
\BOOKMARK [1][]{section.3.9}{\376\377\0003\000.\0009\000\040\000S\000u\000m\000m\000a\000r\000y}{chapter.3}% 55
\BOOKMARK [0][]{chapter.4}{\376\377\0004\000\040\000M\000e\000t\000h\000o\000d\000o\000l\000o\000g\000y}{}% 56
\BOOKMARK [1][]{section.4.1}{\376\377\0004\000.\0001\000\040\000I\000n\000t\000r\000o\000d\000u\000c\000t\000i\000o\000n}{chapter.4}% 57
\BOOKMARK [1][]{section.4.2}{\376\377\0004\000.\0002\000\040\000O\000v\000e\000r\000a\000l\000l\000\040\000F\000r\000a\000m\000e\000w\000o\000r\000k}{chapter.4}% 58
\BOOKMARK [1][]{section.4.3}{\376\377\0004\000.\0003\000\040\000D\000a\000t\000a\000\040\000C\000o\000l\000l\000e\000c\000t\000i\000o\000n\000\040\000a\000n\000d\000\040\000P\000r\000e\000p\000r\000o\000c\000e\000s\000s\000i\000n\000g}{chapter.4}% 59
\BOOKMARK [2][]{subsection.4.3.1}{\376\377\0004\000.\0003\000.\0001\000\040\000S\000i\000g\000n\000a\000l\000\040\000A\000c\000q\000u\000i\000s\000i\000t\000i\000o\000n}{section.4.3}% 60
\BOOKMARK [2][]{subsection.4.3.2}{\376\377\0004\000.\0003\000.\0002\000\040\000P\000r\000e\000p\000r\000o\000c\000e\000s\000s\000i\000n\000g\000\040\000S\000t\000e\000p\000s}{section.4.3}% 61
\BOOKMARK [1][]{section.4.4}{\376\377\0004\000.\0004\000\040\000F\000e\000a\000t\000u\000r\000e\000\040\000E\000x\000t\000r\000a\000c\000t\000i\000o\000n}{chapter.4}% 62
\BOOKMARK [2][]{subsection.4.4.1}{\376\377\0004\000.\0004\000.\0001\000\040\000T\000r\000a\000d\000i\000t\000i\000o\000n\000a\000l\000\040\000F\000e\000a\000t\000u\000r\000e\000s}{section.4.4}% 63
\BOOKMARK [2][]{subsection.4.4.2}{\376\377\0004\000.\0004\000.\0002\000\040\000H\000i\000g\000h\000e\000r\000-\000O\000r\000d\000e\000r\000\040\000S\000p\000e\000c\000t\000r\000a\000l\000\040\000F\000e\000a\000t\000u\000r\000e\000s}{section.4.4}% 64
\BOOKMARK [1][]{section.4.5}{\376\377\0004\000.\0005\000\040\000F\000e\000a\000t\000u\000r\000e\000\040\000S\000e\000l\000e\000c\000t\000i\000o\000n\000\040\000a\000n\000d\000\040\000D\000i\000m\000e\000n\000s\000i\000o\000n\000a\000l\000i\000t\000y\000\040\000R\000e\000d\000u\000c\000t\000i\000o\000n}{chapter.4}% 65
\BOOKMARK [2][]{subsection.4.5.1}{\376\377\0004\000.\0005\000.\0001\000\040\000F\000e\000a\000t\000u\000r\000e\000\040\000S\000e\000l\000e\000c\000t\000i\000o\000n\000\040\000M\000e\000t\000h\000o\000d\000s}{section.4.5}% 66
\BOOKMARK [2][]{subsection.4.5.2}{\376\377\0004\000.\0005\000.\0002\000\040\000D\000i\000m\000e\000n\000s\000i\000o\000n\000a\000l\000i\000t\000y\000\040\000R\000e\000d\000u\000c\000t\000i\000o\000n}{section.4.5}% 67
\BOOKMARK [1][]{section.4.6}{\376\377\0004\000.\0006\000\040\000M\000a\000c\000h\000i\000n\000e\000\040\000L\000e\000a\000r\000n\000i\000n\000g\000\040\000C\000l\000a\000s\000s\000i\000f\000i\000c\000a\000t\000i\000o\000n}{chapter.4}% 68
\BOOKMARK [2][]{subsection.4.6.1}{\376\377\0004\000.\0006\000.\0001\000\040\000C\000l\000a\000s\000s\000i\000f\000i\000c\000a\000t\000i\000o\000n\000\040\000A\000l\000g\000o\000r\000i\000t\000h\000m\000s}{section.4.6}% 69
\BOOKMARK [2][]{subsection.4.6.2}{\376\377\0004\000.\0006\000.\0002\000\040\000M\000o\000d\000e\000l\000\040\000V\000a\000l\000i\000d\000a\000t\000i\000o\000n}{section.4.6}% 70
\BOOKMARK [1][]{section.4.7}{\376\377\0004\000.\0007\000\040\000I\000m\000p\000l\000e\000m\000e\000n\000t\000a\000t\000i\000o\000n\000\040\000F\000r\000a\000m\000e\000w\000o\000r\000k}{chapter.4}% 71
\BOOKMARK [2][]{subsection.4.7.1}{\376\377\0004\000.\0007\000.\0001\000\040\000S\000o\000f\000t\000w\000a\000r\000e\000\040\000A\000r\000c\000h\000i\000t\000e\000c\000t\000u\000r\000e}{section.4.7}% 72
\BOOKMARK [2][]{subsection.4.7.2}{\376\377\0004\000.\0007\000.\0002\000\040\000D\000a\000t\000a\000\040\000F\000l\000o\000w}{section.4.7}% 73
\BOOKMARK [1][]{section.4.8}{\376\377\0004\000.\0008\000\040\000S\000u\000m\000m\000a\000r\000y}{chapter.4}% 74
\BOOKMARK [0][]{chapter.5}{\376\377\0005\000\040\000I\000m\000p\000l\000e\000m\000e\000n\000t\000a\000t\000i\000o\000n\000\040\000a\000n\000d\000\040\000R\000e\000s\000u\000l\000t\000s}{}% 75
\BOOKMARK [1][]{section.5.1}{\376\377\0005\000.\0001\000\040\000I\000n\000t\000r\000o\000d\000u\000c\000t\000i\000o\000n}{chapter.5}% 76
\BOOKMARK [1][]{section.5.2}{\376\377\0005\000.\0002\000\040\000S\000o\000f\000t\000w\000a\000r\000e\000\040\000I\000m\000p\000l\000e\000m\000e\000n\000t\000a\000t\000i\000o\000n}{chapter.5}% 77
\BOOKMARK [2][]{subsection.5.2.1}{\376\377\0005\000.\0002\000.\0001\000\040\000D\000e\000v\000e\000l\000o\000p\000m\000e\000n\000t\000\040\000E\000n\000v\000i\000r\000o\000n\000m\000e\000n\000t}{section.5.2}% 78
\BOOKMARK [2][]{subsection.5.2.2}{\376\377\0005\000.\0002\000.\0002\000\040\000S\000y\000s\000t\000e\000m\000\040\000A\000r\000c\000h\000i\000t\000e\000c\000t\000u\000r\000e}{section.5.2}% 79
\BOOKMARK [2][]{subsection.5.2.3}{\376\377\0005\000.\0002\000.\0003\000\040\000K\000e\000y\000\040\000I\000m\000p\000l\000e\000m\000e\000n\000t\000a\000t\000i\000o\000n\000\040\000D\000e\000t\000a\000i\000l\000s}{section.5.2}% 80
\BOOKMARK [1][]{section.5.3}{\376\377\0005\000.\0003\000\040\000E\000x\000p\000e\000r\000i\000m\000e\000n\000t\000a\000l\000\040\000S\000e\000t\000u\000p}{chapter.5}% 81
\BOOKMARK [2][]{subsection.5.3.1}{\376\377\0005\000.\0003\000.\0001\000\040\000D\000a\000t\000a\000s\000e\000t\000s}{section.5.3}% 82
\BOOKMARK [2][]{subsection.5.3.2}{\376\377\0005\000.\0003\000.\0002\000\040\000E\000x\000p\000e\000r\000i\000m\000e\000n\000t\000a\000l\000\040\000P\000a\000r\000a\000m\000e\000t\000e\000r\000s}{section.5.3}% 83
\BOOKMARK [1][]{section.5.4}{\376\377\0005\000.\0004\000\040\000R\000e\000s\000u\000l\000t\000s\000\040\000a\000n\000d\000\040\000A\000n\000a\000l\000y\000s\000i\000s}{chapter.5}% 84
\BOOKMARK [2][]{subsection.5.4.1}{\376\377\0005\000.\0004\000.\0001\000\040\000F\000e\000a\000t\000u\000r\000e\000\040\000A\000n\000a\000l\000y\000s\000i\000s}{section.5.4}% 85
\BOOKMARK [2][]{subsection.5.4.2}{\376\377\0005\000.\0004\000.\0002\000\040\000C\000l\000a\000s\000s\000i\000f\000i\000c\000a\000t\000i\000o\000n\000\040\000P\000e\000r\000f\000o\000r\000m\000a\000n\000c\000e}{section.5.4}% 86
\BOOKMARK [2][]{subsection.5.4.3}{\376\377\0005\000.\0004\000.\0003\000\040\000F\000e\000a\000t\000u\000r\000e\000\040\000S\000e\000t\000\040\000C\000o\000m\000p\000a\000r\000i\000s\000o\000n}{section.5.4}% 87
\BOOKMARK [2][]{subsection.5.4.4}{\376\377\0005\000.\0004\000.\0004\000\040\000C\000o\000m\000p\000u\000t\000a\000t\000i\000o\000n\000a\000l\000\040\000P\000e\000r\000f\000o\000r\000m\000a\000n\000c\000e}{section.5.4}% 88
\BOOKMARK [2][]{subsection.5.4.5}{\376\377\0005\000.\0004\000.\0005\000\040\000C\000a\000s\000e\000\040\000S\000t\000u\000d\000i\000e\000s}{section.5.4}% 89
\BOOKMARK [2][]{subsection.5.4.6}{\376\377\0005\000.\0004\000.\0006\000\040\000V\000a\000l\000i\000d\000a\000t\000i\000o\000n\000\040\000R\000e\000s\000u\000l\000t\000s}{section.5.4}% 90
\BOOKMARK [1][]{section.5.5}{\376\377\0005\000.\0005\000\040\000S\000u\000m\000m\000a\000r\000y}{chapter.5}% 91
\BOOKMARK [0][]{chapter.6}{\376\377\0006\000\040\000D\000i\000s\000c\000u\000s\000s\000i\000o\000n}{}% 92
\BOOKMARK [1][]{section.6.1}{\376\377\0006\000.\0001\000\040\000I\000n\000t\000r\000o\000d\000u\000c\000t\000i\000o\000n}{chapter.6}% 93
\BOOKMARK [1][]{section.6.2}{\376\377\0006\000.\0002\000\040\000E\000f\000f\000e\000c\000t\000i\000v\000e\000n\000e\000s\000s\000\040\000o\000f\000\040\000H\000i\000g\000h\000e\000r\000-\000O\000r\000d\000e\000r\000\040\000S\000p\000e\000c\000t\000r\000a\000l\000\040\000A\000n\000a\000l\000y\000s\000i\000s}{chapter.6}% 94
\BOOKMARK [2][]{subsection.6.2.1}{\376\377\0006\000.\0002\000.\0001\000\040\000P\000e\000r\000f\000o\000r\000m\000a\000n\000c\000e\000\040\000I\000m\000p\000r\000o\000v\000e\000m\000e\000n\000t\000s}{section.6.2}% 95
\BOOKMARK [2][]{subsection.6.2.2}{\376\377\0006\000.\0002\000.\0002\000\040\000P\000h\000y\000s\000i\000c\000a\000l\000\040\000I\000n\000t\000e\000r\000p\000r\000e\000t\000a\000t\000i\000o\000n}{section.6.2}% 96
\BOOKMARK [1][]{section.6.3}{\376\377\0006\000.\0003\000\040\000F\000e\000a\000t\000u\000r\000e\000\040\000A\000n\000a\000l\000y\000s\000i\000s\000\040\000a\000n\000d\000\040\000S\000e\000l\000e\000c\000t\000i\000o\000n}{chapter.6}% 97
\BOOKMARK [2][]{subsection.6.3.1}{\376\377\0006\000.\0003\000.\0001\000\040\000F\000e\000a\000t\000u\000r\000e\000\040\000I\000m\000p\000o\000r\000t\000a\000n\000c\000e\000\040\000R\000a\000n\000k\000i\000n\000g}{section.6.3}% 98
\BOOKMARK [2][]{subsection.6.3.2}{\376\377\0006\000.\0003\000.\0002\000\040\000F\000e\000a\000t\000u\000r\000e\000\040\000R\000e\000d\000u\000n\000d\000a\000n\000c\000y}{section.6.3}% 99
\BOOKMARK [1][]{section.6.4}{\376\377\0006\000.\0004\000\040\000A\000l\000g\000o\000r\000i\000t\000h\000m\000\040\000P\000e\000r\000f\000o\000r\000m\000a\000n\000c\000e\000\040\000C\000o\000m\000p\000a\000r\000i\000s\000o\000n}{chapter.6}% 100
\BOOKMARK [2][]{subsection.6.4.1}{\376\377\0006\000.\0004\000.\0001\000\040\000R\000a\000n\000d\000o\000m\000\040\000F\000o\000r\000e\000s\000t\000\040\000S\000u\000p\000e\000r\000i\000o\000r\000i\000t\000y}{section.6.4}% 101
\BOOKMARK [2][]{subsection.6.4.2}{\376\377\0006\000.\0004\000.\0002\000\040\000S\000V\000M\000\040\000P\000e\000r\000f\000o\000r\000m\000a\000n\000c\000e}{section.6.4}% 102
\BOOKMARK [2][]{subsection.6.4.3}{\376\377\0006\000.\0004\000.\0003\000\040\000N\000e\000u\000r\000a\000l\000\040\000N\000e\000t\000w\000o\000r\000k\000\040\000R\000e\000s\000u\000l\000t\000s}{section.6.4}% 103
\BOOKMARK [1][]{section.6.5}{\376\377\0006\000.\0005\000\040\000C\000o\000m\000p\000u\000t\000a\000t\000i\000o\000n\000a\000l\000\040\000C\000o\000n\000s\000i\000d\000e\000r\000a\000t\000i\000o\000n\000s}{chapter.6}% 104
\BOOKMARK [2][]{subsection.6.5.1}{\376\377\0006\000.\0005\000.\0001\000\040\000C\000o\000m\000p\000u\000t\000a\000t\000i\000o\000n\000a\000l\000\040\000C\000o\000m\000p\000l\000e\000x\000i\000t\000y}{section.6.5}% 105
\BOOKMARK [2][]{subsection.6.5.2}{\376\377\0006\000.\0005\000.\0002\000\040\000P\000r\000a\000c\000t\000i\000c\000a\000l\000\040\000I\000m\000p\000l\000e\000m\000e\000n\000t\000a\000t\000i\000o\000n}{section.6.5}% 106
\BOOKMARK [1][]{section.6.6}{\376\377\0006\000.\0006\000\040\000C\000o\000m\000p\000a\000r\000i\000s\000o\000n\000\040\000w\000i\000t\000h\000\040\000E\000x\000i\000s\000t\000i\000n\000g\000\040\000M\000e\000t\000h\000o\000d\000s}{chapter.6}% 107
\BOOKMARK [2][]{subsection.6.6.1}{\376\377\0006\000.\0006\000.\0001\000\040\000T\000r\000a\000d\000i\000t\000i\000o\000n\000a\000l\000\040\000V\000i\000b\000r\000a\000t\000i\000o\000n\000\040\000A\000n\000a\000l\000y\000s\000i\000s}{section.6.6}% 108
\BOOKMARK [2][]{subsection.6.6.2}{\376\377\0006\000.\0006\000.\0002\000\040\000L\000i\000t\000e\000r\000a\000t\000u\000r\000e\000\040\000C\000o\000m\000p\000a\000r\000i\000s\000o\000n}{section.6.6}% 109
\BOOKMARK [1][]{section.6.7}{\376\377\0006\000.\0007\000\040\000L\000i\000m\000i\000t\000a\000t\000i\000o\000n\000s\000\040\000a\000n\000d\000\040\000C\000h\000a\000l\000l\000e\000n\000g\000e\000s}{chapter.6}% 110
\BOOKMARK [2][]{subsection.6.7.1}{\376\377\0006\000.\0007\000.\0001\000\040\000M\000e\000t\000h\000o\000d\000o\000l\000o\000g\000i\000c\000a\000l\000\040\000L\000i\000m\000i\000t\000a\000t\000i\000o\000n\000s}{section.6.7}% 111
\BOOKMARK [2][]{subsection.6.7.2}{\376\377\0006\000.\0007\000.\0002\000\040\000D\000a\000t\000a\000\040\000L\000i\000m\000i\000t\000a\000t\000i\000o\000n\000s}{section.6.7}% 112
\BOOKMARK [1][]{section.6.8}{\376\377\0006\000.\0008\000\040\000P\000r\000a\000c\000t\000i\000c\000a\000l\000\040\000I\000m\000p\000l\000i\000c\000a\000t\000i\000o\000n\000s}{chapter.6}% 113
\BOOKMARK [2][]{subsection.6.8.1}{\376\377\0006\000.\0008\000.\0001\000\040\000I\000n\000d\000u\000s\000t\000r\000i\000a\000l\000\040\000A\000p\000p\000l\000i\000c\000a\000t\000i\000o\000n\000s}{section.6.8}% 114
\BOOKMARK [2][]{subsection.6.8.2}{\376\377\0006\000.\0008\000.\0002\000\040\000I\000m\000p\000l\000e\000m\000e\000n\000t\000a\000t\000i\000o\000n\000\040\000G\000u\000i\000d\000e\000l\000i\000n\000e\000s}{section.6.8}% 115
\BOOKMARK [1][]{section.6.9}{\376\377\0006\000.\0009\000\040\000R\000e\000s\000e\000a\000r\000c\000h\000\040\000C\000o\000n\000t\000r\000i\000b\000u\000t\000i\000o\000n\000s}{chapter.6}% 116
\BOOKMARK [2][]{subsection.6.9.1}{\376\377\0006\000.\0009\000.\0001\000\040\000T\000h\000e\000o\000r\000e\000t\000i\000c\000a\000l\000\040\000C\000o\000n\000t\000r\000i\000b\000u\000t\000i\000o\000n\000s}{section.6.9}% 117
\BOOKMARK [2][]{subsection.6.9.2}{\376\377\0006\000.\0009\000.\0002\000\040\000P\000r\000a\000c\000t\000i\000c\000a\000l\000\040\000C\000o\000n\000t\000r\000i\000b\000u\000t\000i\000o\000n\000s}{section.6.9}% 118
\BOOKMARK [1][]{section.6.10}{\376\377\0006\000.\0001\0000\000\040\000F\000u\000t\000u\000r\000e\000\040\000R\000e\000s\000e\000a\000r\000c\000h\000\040\000D\000i\000r\000e\000c\000t\000i\000o\000n\000s}{chapter.6}% 119
\BOOKMARK [2][]{subsection.6.10.1}{\376\377\0006\000.\0001\0000\000.\0001\000\040\000M\000e\000t\000h\000o\000d\000o\000l\000o\000g\000i\000c\000a\000l\000\040\000I\000m\000p\000r\000o\000v\000e\000m\000e\000n\000t\000s}{section.6.10}% 120
\BOOKMARK [2][]{subsection.6.10.2}{\376\377\0006\000.\0001\0000\000.\0002\000\040\000A\000p\000p\000l\000i\000c\000a\000t\000i\000o\000n\000\040\000E\000x\000t\000e\000n\000s\000i\000o\000n\000s}{section.6.10}% 121
\BOOKMARK [1][]{section.6.11}{\376\377\0006\000.\0001\0001\000\040\000S\000u\000m\000m\000a\000r\000y}{chapter.6}% 122
\BOOKMARK [0][]{chapter.7}{\376\377\0007\000\040\000C\000o\000n\000c\000l\000u\000s\000i\000o\000n\000s\000\040\000a\000n\000d\000\040\000F\000u\000t\000u\000r\000e\000\040\000W\000o\000r\000k}{}% 123
\BOOKMARK [1][]{section.7.1}{\376\377\0007\000.\0001\000\040\000I\000n\000t\000r\000o\000d\000u\000c\000t\000i\000o\000n}{chapter.7}% 124
\BOOKMARK [1][]{section.7.2}{\376\377\0007\000.\0002\000\040\000R\000e\000s\000e\000a\000r\000c\000h\000\040\000S\000u\000m\000m\000a\000r\000y}{chapter.7}% 125
\BOOKMARK [2][]{subsection.7.2.1}{\376\377\0007\000.\0002\000.\0001\000\040\000O\000b\000j\000e\000c\000t\000i\000v\000e\000s\000\040\000A\000c\000h\000i\000e\000v\000e\000d}{section.7.2}% 126
\BOOKMARK [2][]{subsection.7.2.2}{\376\377\0007\000.\0002\000.\0002\000\040\000K\000e\000y\000\040\000F\000i\000n\000d\000i\000n\000g\000s}{section.7.2}% 127
\BOOKMARK [1][]{section.7.3}{\376\377\0007\000.\0003\000\040\000R\000e\000s\000e\000a\000r\000c\000h\000\040\000C\000o\000n\000t\000r\000i\000b\000u\000t\000i\000o\000n\000s}{chapter.7}% 128
\BOOKMARK [2][]{subsection.7.3.1}{\376\377\0007\000.\0003\000.\0001\000\040\000T\000h\000e\000o\000r\000e\000t\000i\000c\000a\000l\000\040\000C\000o\000n\000t\000r\000i\000b\000u\000t\000i\000o\000n\000s}{section.7.3}% 129
\BOOKMARK [2][]{subsection.7.3.2}{\376\377\0007\000.\0003\000.\0002\000\040\000P\000r\000a\000c\000t\000i\000c\000a\000l\000\040\000C\000o\000n\000t\000r\000i\000b\000u\000t\000i\000o\000n\000s}{section.7.3}% 130
\BOOKMARK [2][]{subsection.7.3.3}{\376\377\0007\000.\0003\000.\0003\000\040\000M\000e\000t\000h\000o\000d\000o\000l\000o\000g\000i\000c\000a\000l\000\040\000C\000o\000n\000t\000r\000i\000b\000u\000t\000i\000o\000n\000s}{section.7.3}% 131
\BOOKMARK [1][]{section.7.4}{\376\377\0007\000.\0004\000\040\000I\000m\000p\000l\000i\000c\000a\000t\000i\000o\000n\000s\000\040\000f\000o\000r\000\040\000P\000r\000a\000c\000t\000i\000c\000e}{chapter.7}% 132
\BOOKMARK [2][]{subsection.7.4.1}{\376\377\0007\000.\0004\000.\0001\000\040\000I\000n\000d\000u\000s\000t\000r\000i\000a\000l\000\040\000A\000p\000p\000l\000i\000c\000a\000t\000i\000o\000n\000s}{section.7.4}% 133
\BOOKMARK [2][]{subsection.7.4.2}{\376\377\0007\000.\0004\000.\0002\000\040\000I\000m\000p\000l\000e\000m\000e\000n\000t\000a\000t\000i\000o\000n\000\040\000C\000o\000n\000s\000i\000d\000e\000r\000a\000t\000i\000o\000n\000s}{section.7.4}% 134
\BOOKMARK [1][]{section.7.5}{\376\377\0007\000.\0005\000\040\000L\000i\000m\000i\000t\000a\000t\000i\000o\000n\000s\000\040\000a\000n\000d\000\040\000C\000h\000a\000l\000l\000e\000n\000g\000e\000s}{chapter.7}% 135
\BOOKMARK [2][]{subsection.7.5.1}{\376\377\0007\000.\0005\000.\0001\000\040\000C\000u\000r\000r\000e\000n\000t\000\040\000L\000i\000m\000i\000t\000a\000t\000i\000o\000n\000s}{section.7.5}% 136
\BOOKMARK [2][]{subsection.7.5.2}{\376\377\0007\000.\0005\000.\0002\000\040\000T\000e\000c\000h\000n\000i\000c\000a\000l\000\040\000C\000h\000a\000l\000l\000e\000n\000g\000e\000s}{section.7.5}% 137
\BOOKMARK [1][]{section.7.6}{\376\377\0007\000.\0006\000\040\000F\000u\000t\000u\000r\000e\000\040\000R\000e\000s\000e\000a\000r\000c\000h\000\040\000D\000i\000r\000e\000c\000t\000i\000o\000n\000s}{chapter.7}% 138
\BOOKMARK [2][]{subsection.7.6.1}{\376\377\0007\000.\0006\000.\0001\000\040\000M\000e\000t\000h\000o\000d\000o\000l\000o\000g\000i\000c\000a\000l\000\040\000I\000m\000p\000r\000o\000v\000e\000m\000e\000n\000t\000s}{section.7.6}% 139
\BOOKMARK [2][]{subsection.7.6.2}{\376\377\0007\000.\0006\000.\0002\000\040\000A\000p\000p\000l\000i\000c\000a\000t\000i\000o\000n\000\040\000E\000x\000t\000e\000n\000s\000i\000o\000n\000s}{section.7.6}% 140
\BOOKMARK [2][]{subsection.7.6.3}{\376\377\0007\000.\0006\000.\0003\000\040\000T\000h\000e\000o\000r\000e\000t\000i\000c\000a\000l\000\040\000D\000e\000v\000e\000l\000o\000p\000m\000e\000n\000t\000s}{section.7.6}% 141
\BOOKMARK [1][]{section.7.7}{\376\377\0007\000.\0007\000\040\000R\000e\000c\000o\000m\000m\000e\000n\000d\000a\000t\000i\000o\000n\000s\000\040\000f\000o\000r\000\040\000F\000u\000t\000u\000r\000e\000\040\000W\000o\000r\000k}{chapter.7}% 142
\BOOKMARK [2][]{subsection.7.7.1}{\376\377\0007\000.\0007\000.\0001\000\040\000S\000h\000o\000r\000t\000-\000t\000e\000r\000m\000\040\000R\000e\000c\000o\000m\000m\000e\000n\000d\000a\000t\000i\000o\000n\000s}{section.7.7}% 143
\BOOKMARK [2][]{subsection.7.7.2}{\376\377\0007\000.\0007\000.\0002\000\040\000L\000o\000n\000g\000-\000t\000e\000r\000m\000\040\000R\000e\000c\000o\000m\000m\000e\000n\000d\000a\000t\000i\000o\000n\000s}{section.7.7}% 144
\BOOKMARK [1][]{section.7.8}{\376\377\0007\000.\0008\000\040\000C\000o\000n\000c\000l\000u\000d\000i\000n\000g\000\040\000R\000e\000m\000a\000r\000k\000s}{chapter.7}% 145
\BOOKMARK [0][]{appendix.A}{\376\377\000A\000\040\000M\000a\000t\000h\000e\000m\000a\000t\000i\000c\000a\000l\000\040\000D\000e\000r\000i\000v\000a\000t\000i\000o\000n\000s}{}% 146
\BOOKMARK [1][]{section.A.1}{\376\377\000A\000.\0001\000\040\000D\000e\000r\000i\000v\000a\000t\000i\000o\000n\000\040\000o\000f\000\040\000B\000i\000s\000p\000e\000c\000t\000r\000u\000m\000\040\000P\000r\000o\000p\000e\000r\000t\000i\000e\000s}{appendix.A}% 147
\BOOKMARK [2][]{subsection.A.1.1}{\376\377\000A\000.\0001\000.\0001\000\040\000S\000y\000m\000m\000e\000t\000r\000y\000\040\000P\000r\000o\000p\000e\000r\000t\000i\000e\000s}{section.A.1}% 148
\BOOKMARK [1][]{section.A.2}{\376\377\000A\000.\0002\000\040\000D\000e\000r\000i\000v\000a\000t\000i\000o\000n\000\040\000o\000f\000\040\000H\000O\000S\000\040\000E\000s\000t\000i\000m\000a\000t\000i\000o\000n\000\040\000V\000a\000r\000i\000a\000n\000c\000e}{appendix.A}% 149
\BOOKMARK [2][]{subsection.A.2.1}{\376\377\000A\000.\0002\000.\0001\000\040\000V\000a\000r\000i\000a\000n\000c\000e\000\040\000o\000f\000\040\000B\000i\000s\000p\000e\000c\000t\000r\000u\000m\000\040\000E\000s\000t\000i\000m\000a\000t\000e}{section.A.2}% 150
\BOOKMARK [1][]{section.A.3}{\376\377\000A\000.\0003\000\040\000D\000e\000r\000i\000v\000a\000t\000i\000o\000n\000\040\000o\000f\000\040\000F\000e\000a\000t\000u\000r\000e\000\040\000E\000x\000t\000r\000a\000c\000t\000i\000o\000n\000\040\000F\000o\000r\000m\000u\000l\000a\000s}{appendix.A}% 151
\BOOKMARK [2][]{subsection.A.3.1}{\376\377\000A\000.\0003\000.\0001\000\040\000M\000e\000a\000n\000\040\000M\000a\000g\000n\000i\000t\000u\000d\000e\000\040\000o\000f\000\040\000B\000i\000s\000p\000e\000c\000t\000r\000u\000m}{section.A.3}% 152
\BOOKMARK [2][]{subsection.A.3.2}{\376\377\000A\000.\0003\000.\0002\000\040\000S\000u\000m\000\040\000o\000f\000\040\000L\000o\000g\000a\000r\000i\000t\000h\000m\000i\000c\000\040\000A\000m\000p\000l\000i\000t\000u\000d\000e\000s}{section.A.3}% 153
\BOOKMARK [2][]{subsection.A.3.3}{\376\377\000A\000.\0003\000.\0003\000\040\000S\000p\000e\000c\000t\000r\000a\000l\000\040\000M\000o\000m\000e\000n\000t\000s}{section.A.3}% 154
\BOOKMARK [1][]{section.A.4}{\376\377\000A\000.\0004\000\040\000D\000e\000r\000i\000v\000a\000t\000i\000o\000n\000\040\000o\000f\000\040\000C\000o\000m\000p\000u\000t\000a\000t\000i\000o\000n\000a\000l\000\040\000C\000o\000m\000p\000l\000e\000x\000i\000t\000y}{appendix.A}% 155
\BOOKMARK [2][]{subsection.A.4.1}{\376\377\000A\000.\0004\000.\0001\000\040\000B\000i\000s\000p\000e\000c\000t\000r\000u\000m\000\040\000C\000o\000m\000p\000l\000e\000x\000i\000t\000y}{section.A.4}% 156
\BOOKMARK [2][]{subsection.A.4.2}{\376\377\000A\000.\0004\000.\0002\000\040\000T\000r\000i\000s\000p\000e\000c\000t\000r\000u\000m\000\040\000C\000o\000m\000p\000l\000e\000x\000i\000t\000y}{section.A.4}% 157
\BOOKMARK [1][]{section.A.5}{\376\377\000A\000.\0005\000\040\000D\000e\000r\000i\000v\000a\000t\000i\000o\000n\000\040\000o\000f\000\040\000R\000o\000t\000o\000r\000\040\000R\000e\000s\000p\000o\000n\000s\000e\000\040\000E\000q\000u\000a\000t\000i\000o\000n\000s}{appendix.A}% 158
\BOOKMARK [2][]{subsection.A.5.1}{\376\377\000A\000.\0005\000.\0001\000\040\000U\000n\000b\000a\000l\000a\000n\000c\000e\000\040\000R\000e\000s\000p\000o\000n\000s\000e}{section.A.5}% 159
\BOOKMARK [2][]{subsection.A.5.2}{\376\377\000A\000.\0005\000.\0002\000\040\000C\000r\000i\000t\000i\000c\000a\000l\000\040\000S\000p\000e\000e\000d\000\040\000A\000n\000a\000l\000y\000s\000i\000s}{section.A.5}% 160
\BOOKMARK [0][]{appendix.B}{\376\377\000B\000\040\000C\000o\000d\000e\000\040\000I\000m\000p\000l\000e\000m\000e\000n\000t\000a\000t\000i\000o\000n}{}% 161
\BOOKMARK [1][]{section.B.1}{\376\377\000B\000.\0001\000\040\000C\000o\000r\000e\000\040\000C\000l\000a\000s\000s\000e\000s\000\040\000a\000n\000d\000\040\000M\000e\000t\000h\000o\000d\000s}{appendix.B}% 162
\BOOKMARK [2][]{subsection.B.1.1}{\376\377\000B\000.\0001\000.\0001\000\040\000S\000p\000e\000c\000t\000r\000a\000l\000A\000n\000a\000l\000y\000z\000e\000r\000\040\000C\000l\000a\000s\000s}{section.B.1}% 163
\BOOKMARK [2][]{subsection.B.1.2}{\376\377\000B\000.\0001\000.\0002\000\040\000H\000O\000S\000A\000n\000a\000l\000y\000z\000e\000r\000\040\000C\000l\000a\000s\000s}{section.B.1}% 164
\BOOKMARK [2][]{subsection.B.1.3}{\376\377\000B\000.\0001\000.\0003\000\040\000F\000e\000a\000t\000u\000r\000e\000E\000x\000t\000r\000a\000c\000t\000o\000r\000\040\000C\000l\000a\000s\000s}{section.B.1}% 165
\BOOKMARK [1][]{section.B.2}{\376\377\000B\000.\0002\000\040\000U\000s\000a\000g\000e\000\040\000E\000x\000a\000m\000p\000l\000e\000s}{appendix.B}% 166
\BOOKMARK [2][]{subsection.B.2.1}{\376\377\000B\000.\0002\000.\0001\000\040\000B\000a\000s\000i\000c\000\040\000A\000n\000a\000l\000y\000s\000i\000s\000\040\000E\000x\000a\000m\000p\000l\000e}{section.B.2}% 167
\BOOKMARK [2][]{subsection.B.2.2}{\376\377\000B\000.\0002\000.\0002\000\040\000B\000a\000t\000c\000h\000\040\000P\000r\000o\000c\000e\000s\000s\000i\000n\000g\000\040\000E\000x\000a\000m\000p\000l\000e}{section.B.2}% 168
\BOOKMARK [0][]{appendix.C}{\376\377\000C\000\040\000A\000d\000d\000i\000t\000i\000o\000n\000a\000l\000\040\000R\000e\000s\000u\000l\000t\000s}{}% 169
\BOOKMARK [1][]{section.C.1}{\376\377\000C\000.\0001\000\040\000E\000x\000t\000e\000n\000d\000e\000d\000\040\000P\000e\000r\000f\000o\000r\000m\000a\000n\000c\000e\000\040\000A\000n\000a\000l\000y\000s\000i\000s}{appendix.C}% 170
\BOOKMARK [2][]{subsection.C.1.1}{\376\377\000C\000.\0001\000.\0001\000\040\000D\000e\000t\000a\000i\000l\000e\000d\000\040\000C\000l\000a\000s\000s\000i\000f\000i\000c\000a\000t\000i\000o\000n\000\040\000R\000e\000s\000u\000l\000t\000s}{section.C.1}% 171
\BOOKMARK [2][]{subsection.C.1.2}{\376\377\000C\000.\0001\000.\0002\000\040\000F\000e\000a\000t\000u\000r\000e\000\040\000I\000m\000p\000o\000r\000t\000a\000n\000c\000e\000\040\000A\000n\000a\000l\000y\000s\000i\000s}{section.C.1}% 172
\BOOKMARK [1][]{section.C.2}{\376\377\000C\000.\0002\000\040\000C\000o\000m\000p\000u\000t\000a\000t\000i\000o\000n\000a\000l\000\040\000P\000e\000r\000f\000o\000r\000m\000a\000n\000c\000e\000\040\000A\000n\000a\000l\000y\000s\000i\000s}{appendix.C}% 173
\BOOKMARK [2][]{subsection.C.2.1}{\376\377\000C\000.\0002\000.\0001\000\040\000D\000e\000t\000a\000i\000l\000e\000d\000\040\000T\000i\000m\000i\000n\000g\000\040\000R\000e\000s\000u\000l\000t\000s}{section.C.2}% 174
\BOOKMARK [2][]{subsection.C.2.2}{\376\377\000C\000.\0002\000.\0002\000\040\000M\000e\000m\000o\000r\000y\000\040\000U\000s\000a\000g\000e\000\040\000A\000n\000a\000l\000y\000s\000i\000s}{section.C.2}% 175
\BOOKMARK [1][]{section.C.3}{\376\377\000C\000.\0003\000\040\000S\000t\000a\000t\000i\000s\000t\000i\000c\000a\000l\000\040\000A\000n\000a\000l\000y\000s\000i\000s}{appendix.C}% 176
\BOOKMARK [2][]{subsection.C.3.1}{\376\377\000C\000.\0003\000.\0001\000\040\000F\000e\000a\000t\000u\000r\000e\000\040\000D\000i\000s\000t\000r\000i\000b\000u\000t\000i\000o\000n\000\040\000A\000n\000a\000l\000y\000s\000i\000s}{section.C.3}% 177
\BOOKMARK [2][]{subsection.C.3.2}{\376\377\000C\000.\0003\000.\0002\000\040\000S\000t\000a\000t\000i\000s\000t\000i\000c\000a\000l\000\040\000S\000i\000g\000n\000i\000f\000i\000c\000a\000n\000c\000e\000\040\000T\000e\000s\000t\000s}{section.C.3}% 178
\BOOKMARK [1][]{section.C.4}{\376\377\000C\000.\0004\000\040\000V\000a\000l\000i\000d\000a\000t\000i\000o\000n\000\040\000S\000t\000u\000d\000i\000e\000s}{appendix.C}% 179
\BOOKMARK [2][]{subsection.C.4.1}{\376\377\000C\000.\0004\000.\0001\000\040\000C\000r\000o\000s\000s\000-\000V\000a\000l\000i\000d\000a\000t\000i\000o\000n\000\040\000R\000e\000s\000u\000l\000t\000s}{section.C.4}% 180
\BOOKMARK [2][]{subsection.C.4.2}{\376\377\000C\000.\0004\000.\0002\000\040\000L\000e\000a\000r\000n\000i\000n\000g\000\040\000C\000u\000r\000v\000e\000\040\000A\000n\000a\000l\000y\000s\000i\000s}{section.C.4}% 181
\BOOKMARK [1][]{section.C.5}{\376\377\000C\000.\0005\000\040\000A\000d\000d\000i\000t\000i\000o\000n\000a\000l\000\040\000C\000a\000s\000e\000\040\000S\000t\000u\000d\000i\000e\000s}{appendix.C}% 182
\BOOKMARK [2][]{subsection.C.5.1}{\376\377\000C\000.\0005\000.\0001\000\040\000C\000a\000s\000e\000\040\000S\000t\000u\000d\000y\000\040\0003\000:\000\040\000G\000e\000a\000r\000\040\000F\000a\000u\000l\000t\000\040\000D\000e\000t\000e\000c\000t\000i\000o\000n}{section.C.5}% 183
\BOOKMARK [2][]{subsection.C.5.2}{\376\377\000C\000.\0005\000.\0002\000\040\000C\000a\000s\000e\000\040\000S\000t\000u\000d\000y\000\040\0004\000:\000\040\000M\000o\000t\000o\000r\000\040\000F\000a\000u\000l\000t\000\040\000D\000e\000t\000e\000c\000t\000i\000o\000n}{section.C.5}% 184
\BOOKMARK [1][]{section.C.6}{\376\377\000C\000.\0006\000\040\000E\000r\000r\000o\000r\000\040\000A\000n\000a\000l\000y\000s\000i\000s}{appendix.C}% 185
\BOOKMARK [2][]{subsection.C.6.1}{\376\377\000C\000.\0006\000.\0001\000\040\000M\000i\000s\000c\000l\000a\000s\000s\000i\000f\000i\000c\000a\000t\000i\000o\000n\000\040\000A\000n\000a\000l\000y\000s\000i\000s}{section.C.6}% 186
\BOOKMARK [2][]{subsection.C.6.2}{\376\377\000C\000.\0006\000.\0002\000\040\000F\000e\000a\000t\000u\000r\000e\000\040\000S\000e\000n\000s\000i\000t\000i\000v\000i\000t\000y\000\040\000A\000n\000a\000l\000y\000s\000i\000s}{section.C.6}% 187
\BOOKMARK [1][]{section.C.7}{\376\377\000C\000.\0007\000\040\000S\000u\000m\000m\000a\000r\000y}{appendix.C}% 188
\BOOKMARK [0][]{appendix.D}{\376\377\000D\000\040\000D\000a\000t\000a\000s\000e\000t\000\040\000D\000e\000s\000c\000r\000i\000p\000t\000i\000o\000n}{}% 189
\BOOKMARK [1][]{section.D.1}{\376\377\000D\000.\0001\000\040\000O\000v\000e\000r\000v\000i\000e\000w}{appendix.D}% 190
\BOOKMARK [1][]{section.D.2}{\376\377\000D\000.\0002\000\040\000S\000i\000m\000u\000l\000a\000t\000e\000d\000\040\000D\000a\000t\000a\000s\000e\000t\000s}{appendix.D}% 191
\BOOKMARK [2][]{subsection.D.2.1}{\376\377\000D\000.\0002\000.\0001\000\040\000S\000i\000g\000n\000a\000l\000\040\000G\000e\000n\000e\000r\000a\000t\000i\000o\000n\000\040\000P\000a\000r\000a\000m\000e\000t\000e\000r\000s}{section.D.2}% 192
\BOOKMARK [2][]{subsection.D.2.2}{\376\377\000D\000.\0002\000.\0002\000\040\000F\000a\000u\000l\000t\000\040\000S\000i\000m\000u\000l\000a\000t\000i\000o\000n\000\040\000M\000o\000d\000e\000l\000s}{section.D.2}% 193
\BOOKMARK [1][]{section.D.3}{\376\377\000D\000.\0003\000\040\000R\000e\000a\000l\000\040\000D\000a\000t\000a\000s\000e\000t\000s}{appendix.D}% 194
\BOOKMARK [2][]{subsection.D.3.1}{\376\377\000D\000.\0003\000.\0001\000\040\000C\000a\000s\000e\000\040\000W\000e\000s\000t\000e\000r\000n\000\040\000R\000e\000s\000e\000r\000v\000e\000\040\000U\000n\000i\000v\000e\000r\000s\000i\000t\000y\000\040\000B\000e\000a\000r\000i\000n\000g\000\040\000D\000a\000t\000a}{section.D.3}% 195
\BOOKMARK [2][]{subsection.D.3.2}{\376\377\000D\000.\0003\000.\0002\000\040\000N\000A\000S\000A\000\040\000P\000r\000o\000g\000n\000o\000s\000t\000i\000c\000s\000\040\000D\000a\000t\000a\000\040\000R\000e\000p\000o\000s\000i\000t\000o\000r\000y}{section.D.3}% 196
\BOOKMARK [2][]{subsection.D.3.3}{\376\377\000D\000.\0003\000.\0003\000\040\000I\000n\000d\000u\000s\000t\000r\000i\000a\000l\000\040\000D\000a\000t\000a\000s\000e\000t}{section.D.3}% 197
\BOOKMARK [1][]{section.D.4}{\376\377\000D\000.\0004\000\040\000D\000a\000t\000a\000\040\000A\000u\000g\000m\000e\000n\000t\000a\000t\000i\000o\000n}{appendix.D}% 198
\BOOKMARK [2][]{subsection.D.4.1}{\376\377\000D\000.\0004\000.\0001\000\040\000A\000u\000g\000m\000e\000n\000t\000a\000t\000i\000o\000n\000\040\000T\000e\000c\000h\000n\000i\000q\000u\000e\000s}{section.D.4}% 199
\BOOKMARK [2][]{subsection.D.4.2}{\376\377\000D\000.\0004\000.\0002\000\040\000A\000u\000g\000m\000e\000n\000t\000a\000t\000i\000o\000n\000\040\000P\000a\000r\000a\000m\000e\000t\000e\000r\000s}{section.D.4}% 200
\BOOKMARK [1][]{section.D.5}{\376\377\000D\000.\0005\000\040\000D\000a\000t\000a\000\040\000Q\000u\000a\000l\000i\000t\000y\000\040\000A\000s\000s\000e\000s\000s\000m\000e\000n\000t}{appendix.D}% 201
\BOOKMARK [2][]{subsection.D.5.1}{\376\377\000D\000.\0005\000.\0001\000\040\000Q\000u\000a\000l\000i\000t\000y\000\040\000M\000e\000t\000r\000i\000c\000s}{section.D.5}% 202
\BOOKMARK [2][]{subsection.D.5.2}{\376\377\000D\000.\0005\000.\0002\000\040\000D\000a\000t\000a\000\040\000V\000a\000l\000i\000d\000a\000t\000i\000o\000n}{section.D.5}% 203
\BOOKMARK [1][]{section.D.6}{\376\377\000D\000.\0006\000\040\000D\000a\000t\000a\000\040\000S\000p\000l\000i\000t\000t\000i\000n\000g\000\040\000S\000t\000r\000a\000t\000e\000g\000y}{appendix.D}% 204
\BOOKMARK [2][]{subsection.D.6.1}{\376\377\000D\000.\0006\000.\0001\000\040\000T\000r\000a\000i\000n\000i\000n\000g\000,\000\040\000V\000a\000l\000i\000d\000a\000t\000i\000o\000n\000,\000\040\000a\000n\000d\000\040\000T\000e\000s\000t\000\040\000S\000e\000t\000s}{section.D.6}% 205
\BOOKMARK [2][]{subsection.D.6.2}{\376\377\000D\000.\0006\000.\0002\000\040\000S\000t\000r\000a\000t\000i\000f\000i\000e\000d\000\040\000S\000p\000l\000i\000t\000t\000i\000n\000g}{section.D.6}% 206
\BOOKMARK [1][]{section.D.7}{\376\377\000D\000.\0007\000\040\000D\000a\000t\000a\000\040\000P\000r\000e\000p\000r\000o\000c\000e\000s\000s\000i\000n\000g\000\040\000P\000i\000p\000e\000l\000i\000n\000e}{appendix.D}% 207
\BOOKMARK [2][]{subsection.D.7.1}{\376\377\000D\000.\0007\000.\0001\000\040\000P\000r\000e\000p\000r\000o\000c\000e\000s\000s\000i\000n\000g\000\040\000S\000t\000e\000p\000s}{section.D.7}% 208
\BOOKMARK [2][]{subsection.D.7.2}{\376\377\000D\000.\0007\000.\0002\000\040\000P\000r\000e\000p\000r\000o\000c\000e\000s\000s\000i\000n\000g\000\040\000P\000a\000r\000a\000m\000e\000t\000e\000r\000s}{section.D.7}% 209
\BOOKMARK [1][]{section.D.8}{\376\377\000D\000.\0008\000\040\000D\000a\000t\000a\000\040\000S\000t\000o\000r\000a\000g\000e\000\040\000a\000n\000d\000\040\000A\000c\000c\000e\000s\000s}{appendix.D}% 210
\BOOKMARK [2][]{subsection.D.8.1}{\376\377\000D\000.\0008\000.\0001\000\040\000F\000i\000l\000e\000\040\000O\000r\000g\000a\000n\000i\000z\000a\000t\000i\000o\000n}{section.D.8}% 211
\BOOKMARK [2][]{subsection.D.8.2}{\376\377\000D\000.\0008\000.\0002\000\040\000D\000a\000t\000a\000\040\000F\000o\000r\000m\000a\000t\000s}{section.D.8}% 212
\BOOKMARK [1][]{section.D.9}{\376\377\000D\000.\0009\000\040\000S\000u\000m\000m\000a\000r\000y}{appendix.D}% 213
